<?xml version="1.0" encoding="UTF-8"?>
<testsuite name="InvoiceServiceTest" tests="1" skipped="0" failures="0" errors="0" timestamp="2022-05-01T07:48:42" hostname="AVINASHPJ-PC" time="0.034">
  <properties/>
  <testcase name="givenDistanceAndTime_ShouldReturnTotalFare()" classname="InvoiceServiceTest" time="0.034"/>
  <system-out><![CDATA[]]></system-out>
  <system-err><![CDATA[]]></system-err>
</testsuite>
